Expense Breakdown for company 1 (2025-01-01 to 2025-12-31):
Array
(
    [0] => Array
        (
            [category] => General and Admininstrive Expenses
            [sub_category] => General and Admininstrive Expenses
            [total] => 500.00
        )

)

Expense Breakdown for company 12 (2025-01-01 to 2025-12-31):
Array
(
)

Expense Breakdown for company 12 (2022-01-01 to 2022-12-31):
Array
(
    [0] => Array
        (
            [category] => Cost of Goods/Service
            [sub_category] => Eplum Enterprises
            [total] => 150.00
        )

)

Expense Breakdown for company 12 (2025-01-01 to 2025-12-31):
Array
(
)

Expense Breakdown for company 1 (2025-01-01 to 2025-12-31):
Array
(
    [0] => Array
        (
            [category] => General and Admininstrive Expenses
            [sub_category] => General and Admininstrive Expenses
            [total] => 500.00
        )

)

Expense Breakdown for company 1 (2025-01-01 to 2025-12-31):
Array
(
    [0] => Array
        (
            [category] => General and Admininstrive Expenses
            [sub_category] => General and Admininstrive Expenses
            [total] => 500.00
        )

)

Expense Breakdown for company 1 (2025-01-01 to 2025-12-31):
Array
(
    [0] => Array
        (
            [category] => General and Admininstrive Expenses
            [sub_category] => General and Admininstrive Expenses
            [total] => 500.00
        )

)

Expense Breakdown for company 1 (2025-01-01 to 2025-12-31):
Array
(
    [0] => Array
        (
            [category] => General and Admininstrive Expenses
            [sub_category] => General and Admininstrive Expenses
            [total] => 500.00
        )

)

Expense Breakdown for company 1 (2025-01-01 to 2025-12-31):
Array
(
    [0] => Array
        (
            [category] => General and Admininstrive Expenses
            [sub_category] => General and Admininstrive Expenses
            [total] => 500.00
        )

)

Expense Breakdown for company 1 (2025-01-01 to 2025-12-31):
Array
(
    [0] => Array
        (
            [category] => General and Admininstrive Expenses
            [sub_category] => General and Admininstrive Expenses
            [total] => 500.00
        )

)

Expense Breakdown for company 1 (2025-01-01 to 2025-12-31):
Array
(
    [0] => Array
        (
            [category] => General and Admininstrive Expenses
            [sub_category] => General and Admininstrive Expenses
            [total] => 500.00
        )

)

Expense Breakdown for company 1 (2025-01-01 to 2025-12-31):
Array
(
    [0] => Array
        (
            [category] => General and Admininstrive Expenses
            [sub_category] => General and Admininstrive Expenses
            [total] => 500.00
        )

)

Expense Breakdown for company 1 (2025-01-01 to 2025-12-31):
Array
(
    [0] => Array
        (
            [category] => General and Admininstrive Expenses
            [sub_category] => General and Admininstrive Expenses
            [total] => 500.00
        )

)

Expense Breakdown for company 1 (2024-01-01 to 2024-12-31):
Array
(
    [0] => Array
        (
            [category] => Balance Sheet
            [sub_category] => Balance Sheet
            [total] => 1598.00
        )

    [1] => Array
        (
            [category] => General and Admininstrive Expenses
            [sub_category] => General and Admininstrive Expenses
            [total] => 60511.62
        )

    [2] => Array
        (
            [category] => Small Tools And Equipment
            [sub_category] => Small Tools And Equipment
            [total] => 1598.00
        )

)

Expense Breakdown for company 13 (2025-01-01 to 2025-12-31):
Array
(
    [0] => Array
        (
            [category] => General and Admininstrive Expenses
            [sub_category] => General and Admininstrive Expenses
            [total] => 500.00
        )

)

Expense Breakdown for company 13 (2024-01-01 to 2024-12-31):
Array
(
    [0] => Array
        (
            [category] => Balance Sheet
            [sub_category] => Balance Sheet
            [total] => 1598.00
        )

    [1] => Array
        (
            [category] => General and Admininstrive Expenses
            [sub_category] => General and Admininstrive Expenses
            [total] => 60511.62
        )

    [2] => Array
        (
            [category] => Small Tools And Equipment
            [sub_category] => Small Tools And Equipment
            [total] => 1598.00
        )

)

Expense Breakdown for company 11 (2025-01-01 to 2025-12-31):
Array
(
)

Expense Breakdown for company 14 (2025-01-01 to 2025-12-31):
Array
(
)

Expense Breakdown for company 14 (2025-01-01 to 2025-12-31):
Array
(
    [0] => Array
        (
            [category] => General
            [sub_category] => Office Supplies
            [total] => 7050.00
        )

    [1] => Array
        (
            [category] => General
            [sub_category] => Other Expenses
            [total] => 143103.75
        )

    [2] => Array
        (
            [category] => General
            [sub_category] => Owners Drawings
            [total] => 200935.69
        )

    [3] => Array
        (
            [category] => General
            [sub_category] => Purchases
            [total] => 792692.55
        )

    [4] => Array
        (
            [category] => General
            [sub_category] => Repairs and Maintenance
            [total] => 17442.00
        )

    [5] => Array
        (
            [category] => General
            [sub_category] => Transportation
            [total] => 46350.00
        )

    [6] => Array
        (
            [category] => General
            [sub_category] => Transportation Expenses
            [total] => 24226.22
        )

)

Expense Breakdown for company 14 (2025-01-01 to 2025-12-31):
Array
(
)

Expense Breakdown for company 15 (2025-01-01 to 2025-12-31):
Array
(
    [0] => Array
        (
            [category] => General
            [sub_category] => Office Supplies
            [total] => 7050.00
        )

    [1] => Array
        (
            [category] => General
            [sub_category] => Other Expenses
            [total] => 143103.75
        )

    [2] => Array
        (
            [category] => General
            [sub_category] => Owners Drawings
            [total] => 200935.69
        )

    [3] => Array
        (
            [category] => General
            [sub_category] => Purchases
            [total] => 792692.55
        )

    [4] => Array
        (
            [category] => General
            [sub_category] => Repairs and Maintenance
            [total] => 17442.00
        )

    [5] => Array
        (
            [category] => General
            [sub_category] => Transportation
            [total] => 46350.00
        )

    [6] => Array
        (
            [category] => General
            [sub_category] => Transportation Expenses
            [total] => 24226.22
        )

)

Expense Breakdown for company 15 (2025-01-01 to 2025-12-31):
Array
(
    [0] => Array
        (
            [category] => Equity
            [sub_category] => Owners Drawings
            [total] => 200935.69
        )

    [1] => Array
        (
            [category] => Expenses
            [sub_category] => Office Supplies
            [total] => 7050.00
        )

    [2] => Array
        (
            [category] => Expenses
            [sub_category] => Other Expenses
            [total] => 143103.75
        )

    [3] => Array
        (
            [category] => Expenses
            [sub_category] => Purchases
            [total] => 792692.55
        )

    [4] => Array
        (
            [category] => Expenses
            [sub_category] => Repairs and Maintenance
            [total] => 17442.00
        )

    [5] => Array
        (
            [category] => Expenses
            [sub_category] => Transportation
            [total] => 46350.00
        )

    [6] => Array
        (
            [category] => Expenses
            [sub_category] => Transportation Expenses
            [total] => 24226.22
        )

)

Expense Breakdown for company 15 (2025-01-01 to 2025-12-31):
Array
(
    [0] => Array
        (
            [category] => Equity
            [sub_category] => Owners Drawings
            [total] => 200935.69
        )

    [1] => Array
        (
            [category] => Expenses
            [sub_category] => Office Supplies
            [total] => 7050.00
        )

    [2] => Array
        (
            [category] => Expenses
            [sub_category] => Other Expenses
            [total] => 143103.75
        )

    [3] => Array
        (
            [category] => Expenses
            [sub_category] => Purchases
            [total] => 792692.55
        )

    [4] => Array
        (
            [category] => Expenses
            [sub_category] => Repairs and Maintenance
            [total] => 17442.00
        )

    [5] => Array
        (
            [category] => Expenses
            [sub_category] => Transportation
            [total] => 46350.00
        )

    [6] => Array
        (
            [category] => Expenses
            [sub_category] => Transportation Expenses
            [total] => 24226.22
        )

)

Expense Breakdown for company 15 (2025-01-01 to 2025-12-31):
Array
(
    [0] => Array
        (
            [category] => Expenses
            [sub_category] => Office Supplies
            [total] => 7050.00
        )

    [1] => Array
        (
            [category] => Expenses
            [sub_category] => Other Expenses
            [total] => 143103.75
        )

    [2] => Array
        (
            [category] => Expenses
            [sub_category] => Purchases
            [total] => 792692.55
        )

    [3] => Array
        (
            [category] => Expenses
            [sub_category] => Repairs and Maintenance
            [total] => 17442.00
        )

    [4] => Array
        (
            [category] => Expenses
            [sub_category] => Transportation
            [total] => 46350.00
        )

    [5] => Array
        (
            [category] => Expenses
            [sub_category] => Transportation Expenses
            [total] => 24226.22
        )

)

Expense Breakdown for company 15 (2025-01-01 to 2025-12-31):
Array
(
    [0] => Array
        (
            [category] => Expenses
            [sub_category] => Office Supplies
            [total] => 7050.00
        )

    [1] => Array
        (
            [category] => Expenses
            [sub_category] => Other Expenses
            [total] => 143103.75
        )

    [2] => Array
        (
            [category] => Expenses
            [sub_category] => Purchases
            [total] => 792692.55
        )

    [3] => Array
        (
            [category] => Expenses
            [sub_category] => Repairs and Maintenance
            [total] => 17442.00
        )

    [4] => Array
        (
            [category] => Expenses
            [sub_category] => Transportation
            [total] => 46350.00
        )

    [5] => Array
        (
            [category] => Expenses
            [sub_category] => Transportation Expenses
            [total] => 24226.22
        )

)

Expense Breakdown for company 1 (2025-01-01 to 2025-12-31):
Array
(
    [0] => Array
        (
            [category] => General and Admininstrive Expenses
            [sub_category] => General and Admininstrive Expenses
            [total] => 500.00
        )

)

Expense Breakdown for company 15 (2025-01-01 to 2025-12-31):
Array
(
    [0] => Array
        (
            [category] => Equity
            [sub_category] => Owners Drawings
            [total] => 200935.69
        )

    [1] => Array
        (
            [category] => Expenses
            [sub_category] => Office Supplies
            [total] => 7050.00
        )

    [2] => Array
        (
            [category] => Expenses
            [sub_category] => Other Expenses
            [total] => 143103.75
        )

    [3] => Array
        (
            [category] => Expenses
            [sub_category] => Purchases
            [total] => 792692.55
        )

    [4] => Array
        (
            [category] => Expenses
            [sub_category] => Repairs and Maintenance
            [total] => 17442.00
        )

    [5] => Array
        (
            [category] => Expenses
            [sub_category] => Transportation
            [total] => 46350.00
        )

    [6] => Array
        (
            [category] => Expenses
            [sub_category] => Transportation Expenses
            [total] => 24226.22
        )

)

Expense Breakdown for company 15 (2025-01-01 to 2025-12-31):
Array
(
    [0] => Array
        (
            [category] => Equity
            [sub_category] => Owners Drawings
            [total] => 200935.69
        )

    [1] => Array
        (
            [category] => Expenses
            [sub_category] => Office Supplies
            [total] => 7050.00
        )

    [2] => Array
        (
            [category] => Expenses
            [sub_category] => Other Expenses
            [total] => 143103.75
        )

    [3] => Array
        (
            [category] => Expenses
            [sub_category] => Purchases
            [total] => 792692.55
        )

    [4] => Array
        (
            [category] => Expenses
            [sub_category] => Repairs and Maintenance
            [total] => 17442.00
        )

    [5] => Array
        (
            [category] => Expenses
            [sub_category] => Transportation
            [total] => 46350.00
        )

    [6] => Array
        (
            [category] => Expenses
            [sub_category] => Transportation Expenses
            [total] => 24226.22
        )

)

Expense Breakdown for company 15 (2025-01-01 to 2025-12-31):
Array
(
    [0] => Array
        (
            [category] => Equity
            [sub_category] => Owners Drawings
            [total] => 200935.69
        )

    [1] => Array
        (
            [category] => Expenses
            [sub_category] => Office Supplies
            [total] => 7050.00
        )

    [2] => Array
        (
            [category] => Expenses
            [sub_category] => Other Expenses
            [total] => 143103.75
        )

    [3] => Array
        (
            [category] => Expenses
            [sub_category] => Purchases
            [total] => 792692.55
        )

    [4] => Array
        (
            [category] => Expenses
            [sub_category] => Repairs and Maintenance
            [total] => 17442.00
        )

    [5] => Array
        (
            [category] => Expenses
            [sub_category] => Transportation
            [total] => 46350.00
        )

    [6] => Array
        (
            [category] => Expenses
            [sub_category] => Transportation Expenses
            [total] => 24226.22
        )

)

Expense Breakdown for company 15 (2025-01-01 to 2025-12-31):
Array
(
    [0] => Array
        (
            [category] => Equity
            [sub_category] => Owners Drawings
            [total] => 200935.69
        )

    [1] => Array
        (
            [category] => Expenses
            [sub_category] => Office Supplies
            [total] => 7050.00
        )

    [2] => Array
        (
            [category] => Expenses
            [sub_category] => Other Expenses
            [total] => 143103.75
        )

    [3] => Array
        (
            [category] => Expenses
            [sub_category] => Purchases
            [total] => 792692.55
        )

    [4] => Array
        (
            [category] => Expenses
            [sub_category] => Repairs and Maintenance
            [total] => 17442.00
        )

    [5] => Array
        (
            [category] => Expenses
            [sub_category] => Transportation
            [total] => 46350.00
        )

    [6] => Array
        (
            [category] => Expenses
            [sub_category] => Transportation Expenses
            [total] => 24226.22
        )

)

Expense Breakdown for company 15 (2025-01-01 to 2025-12-31):
Array
(
    [0] => Array
        (
            [category] => Equity
            [sub_category] => Owners Drawings
            [total] => 200935.69
        )

    [1] => Array
        (
            [category] => Expenses
            [sub_category] => Office Supplies
            [total] => 7050.00
        )

    [2] => Array
        (
            [category] => Expenses
            [sub_category] => Other Expenses
            [total] => 143103.75
        )

    [3] => Array
        (
            [category] => Expenses
            [sub_category] => Purchases
            [total] => 792692.55
        )

    [4] => Array
        (
            [category] => Expenses
            [sub_category] => Repairs and Maintenance
            [total] => 17442.00
        )

    [5] => Array
        (
            [category] => Expenses
            [sub_category] => Transportation
            [total] => 46350.00
        )

    [6] => Array
        (
            [category] => Expenses
            [sub_category] => Transportation Expenses
            [total] => 24226.22
        )

)

Expense Breakdown for company 15 (2025-01-01 to 2025-12-31):
Array
(
    [0] => Array
        (
            [category] => Equity
            [sub_category] => Owners Drawings
            [total] => 200935.69
        )

    [1] => Array
        (
            [category] => Expenses
            [sub_category] => Office Supplies
            [total] => 7050.00
        )

    [2] => Array
        (
            [category] => Expenses
            [sub_category] => Other Expenses
            [total] => 143103.75
        )

    [3] => Array
        (
            [category] => Expenses
            [sub_category] => Purchases
            [total] => 792692.55
        )

    [4] => Array
        (
            [category] => Expenses
            [sub_category] => Repairs and Maintenance
            [total] => 17442.00
        )

    [5] => Array
        (
            [category] => Expenses
            [sub_category] => Transportation
            [total] => 46350.00
        )

    [6] => Array
        (
            [category] => Expenses
            [sub_category] => Transportation Expenses
            [total] => 24226.22
        )

)

Expense Breakdown for company 15 (2025-01-01 to 2025-12-31):
Array
(
    [0] => Array
        (
            [category] => Equity
            [sub_category] => Owners Drawings
            [total] => 200935.69
        )

    [1] => Array
        (
            [category] => Expenses
            [sub_category] => Office Supplies
            [total] => 7050.00
        )

    [2] => Array
        (
            [category] => Expenses
            [sub_category] => Other Expenses
            [total] => 143103.75
        )

    [3] => Array
        (
            [category] => Expenses
            [sub_category] => Purchases
            [total] => 792692.55
        )

    [4] => Array
        (
            [category] => Expenses
            [sub_category] => Repairs and Maintenance
            [total] => 17442.00
        )

    [5] => Array
        (
            [category] => Expenses
            [sub_category] => Transportation
            [total] => 46350.00
        )

    [6] => Array
        (
            [category] => Expenses
            [sub_category] => Transportation Expenses
            [total] => 24226.22
        )

)

Expense Breakdown for company 15 (2025-01-01 to 2025-12-31):
Array
(
    [0] => Array
        (
            [category] => Equity
            [sub_category] => Owners Drawings
            [total] => 200935.69
        )

    [1] => Array
        (
            [category] => Expenses
            [sub_category] => Office Supplies
            [total] => 7050.00
        )

    [2] => Array
        (
            [category] => Expenses
            [sub_category] => Other Expenses
            [total] => 143103.75
        )

    [3] => Array
        (
            [category] => Expenses
            [sub_category] => Purchases
            [total] => 792692.55
        )

    [4] => Array
        (
            [category] => Expenses
            [sub_category] => Repairs and Maintenance
            [total] => 17442.00
        )

    [5] => Array
        (
            [category] => Expenses
            [sub_category] => Transportation
            [total] => 46350.00
        )

    [6] => Array
        (
            [category] => Expenses
            [sub_category] => Transportation Expenses
            [total] => 24226.22
        )

)

Expense Breakdown for company 15 (2025-01-01 to 2025-12-31):
Array
(
    [0] => Array
        (
            [category] => Equity
            [sub_category] => Owners Drawings
            [total] => 200935.69
        )

    [1] => Array
        (
            [category] => Expenses
            [sub_category] => Office Supplies
            [total] => 7050.00
        )

    [2] => Array
        (
            [category] => Expenses
            [sub_category] => Other Expenses
            [total] => 143103.75
        )

    [3] => Array
        (
            [category] => Expenses
            [sub_category] => Purchases
            [total] => 792692.55
        )

    [4] => Array
        (
            [category] => Expenses
            [sub_category] => Repairs and Maintenance
            [total] => 17442.00
        )

    [5] => Array
        (
            [category] => Expenses
            [sub_category] => Transportation
            [total] => 46350.00
        )

    [6] => Array
        (
            [category] => Expenses
            [sub_category] => Transportation Expenses
            [total] => 24226.22
        )

)

Expense Breakdown for company 15 (2025-01-01 to 2025-12-31):
Array
(
    [0] => Array
        (
            [category] => Equity
            [sub_category] => Owners Drawings
            [total] => 200935.69
        )

    [1] => Array
        (
            [category] => Expenses
            [sub_category] => Office Supplies
            [total] => 7050.00
        )

    [2] => Array
        (
            [category] => Expenses
            [sub_category] => Other Expenses
            [total] => 143103.75
        )

    [3] => Array
        (
            [category] => Expenses
            [sub_category] => Purchases
            [total] => 792692.55
        )

    [4] => Array
        (
            [category] => Expenses
            [sub_category] => Repairs and Maintenance
            [total] => 17442.00
        )

    [5] => Array
        (
            [category] => Expenses
            [sub_category] => Transportation
            [total] => 46350.00
        )

    [6] => Array
        (
            [category] => Expenses
            [sub_category] => Transportation Expenses
            [total] => 24226.22
        )

)

Expense Breakdown for company 15 (2025-01-01 to 2025-12-31):
Array
(
    [0] => Array
        (
            [category] => Equity
            [sub_category] => Owners Drawings
            [total] => 200935.69
        )

    [1] => Array
        (
            [category] => Expenses
            [sub_category] => Office Supplies
            [total] => 7050.00
        )

    [2] => Array
        (
            [category] => Expenses
            [sub_category] => Other Expenses
            [total] => 143103.75
        )

    [3] => Array
        (
            [category] => Expenses
            [sub_category] => Purchases
            [total] => 792692.55
        )

    [4] => Array
        (
            [category] => Expenses
            [sub_category] => Repairs and Maintenance
            [total] => 17442.00
        )

    [5] => Array
        (
            [category] => Expenses
            [sub_category] => Transportation
            [total] => 46350.00
        )

    [6] => Array
        (
            [category] => Expenses
            [sub_category] => Transportation Expenses
            [total] => 24226.22
        )

)

Expense Breakdown for company 15 (2025-01-01 to 2025-12-31):
Array
(
    [0] => Array
        (
            [category] => Equity
            [sub_category] => Owners Drawings
            [total] => 200935.69
        )

    [1] => Array
        (
            [category] => Expenses
            [sub_category] => Office Supplies
            [total] => 7050.00
        )

    [2] => Array
        (
            [category] => Expenses
            [sub_category] => Other Expenses
            [total] => 143103.75
        )

    [3] => Array
        (
            [category] => Expenses
            [sub_category] => Purchases
            [total] => 792692.55
        )

    [4] => Array
        (
            [category] => Expenses
            [sub_category] => Repairs and Maintenance
            [total] => 17442.00
        )

    [5] => Array
        (
            [category] => Expenses
            [sub_category] => Transportation
            [total] => 46350.00
        )

    [6] => Array
        (
            [category] => Expenses
            [sub_category] => Transportation Expenses
            [total] => 24226.22
        )

)

Expense Breakdown for company 15 (2025-01-01 to 2025-12-31):
Array
(
    [0] => Array
        (
            [category] => Equity
            [sub_category] => Owners Drawings
            [total] => 200935.69
        )

    [1] => Array
        (
            [category] => Expenses
            [sub_category] => Office Supplies
            [total] => 7050.00
        )

    [2] => Array
        (
            [category] => Expenses
            [sub_category] => Other Expenses
            [total] => 143103.75
        )

    [3] => Array
        (
            [category] => Expenses
            [sub_category] => Purchases
            [total] => 792692.55
        )

    [4] => Array
        (
            [category] => Expenses
            [sub_category] => Repairs and Maintenance
            [total] => 17442.00
        )

    [5] => Array
        (
            [category] => Expenses
            [sub_category] => Transportation
            [total] => 46350.00
        )

    [6] => Array
        (
            [category] => Expenses
            [sub_category] => Transportation Expenses
            [total] => 24226.22
        )

)

Expense Breakdown for company 15 (2025-01-01 to 2025-12-31):
Array
(
    [0] => Array
        (
            [category] => Equity
            [sub_category] => Owners Drawings
            [total] => 200935.69
        )

    [1] => Array
        (
            [category] => Expenses
            [sub_category] => Office Supplies
            [total] => 7050.00
        )

    [2] => Array
        (
            [category] => Expenses
            [sub_category] => Other Expenses
            [total] => 143103.75
        )

    [3] => Array
        (
            [category] => Expenses
            [sub_category] => Purchases
            [total] => 792692.55
        )

    [4] => Array
        (
            [category] => Expenses
            [sub_category] => Repairs and Maintenance
            [total] => 17442.00
        )

    [5] => Array
        (
            [category] => Expenses
            [sub_category] => Transportation
            [total] => 46350.00
        )

    [6] => Array
        (
            [category] => Expenses
            [sub_category] => Transportation Expenses
            [total] => 24226.22
        )

)

Expense Breakdown for company 15 (2025-01-01 to 2025-12-31):
Array
(
    [0] => Array
        (
            [category] => Equity
            [sub_category] => Owners Drawings
            [total] => 200935.69
        )

    [1] => Array
        (
            [category] => Expenses
            [sub_category] => Office Supplies
            [total] => 7050.00
        )

    [2] => Array
        (
            [category] => Expenses
            [sub_category] => Other Expenses
            [total] => 143103.75
        )

    [3] => Array
        (
            [category] => Expenses
            [sub_category] => Purchases
            [total] => 792692.55
        )

    [4] => Array
        (
            [category] => Expenses
            [sub_category] => Repairs and Maintenance
            [total] => 17442.00
        )

    [5] => Array
        (
            [category] => Expenses
            [sub_category] => Transportation
            [total] => 46350.00
        )

    [6] => Array
        (
            [category] => Expenses
            [sub_category] => Transportation Expenses
            [total] => 24226.22
        )

)

Expense Breakdown for company 15 (2025-01-01 to 2025-12-31):
Array
(
    [0] => Array
        (
            [category] => Equity
            [sub_category] => Owners Drawings
            [total] => 200935.69
        )

    [1] => Array
        (
            [category] => Expenses
            [sub_category] => Office Supplies
            [total] => 7050.00
        )

    [2] => Array
        (
            [category] => Expenses
            [sub_category] => Other Expenses
            [total] => 143103.75
        )

    [3] => Array
        (
            [category] => Expenses
            [sub_category] => Purchases
            [total] => 792692.55
        )

    [4] => Array
        (
            [category] => Expenses
            [sub_category] => Repairs and Maintenance
            [total] => 17442.00
        )

    [5] => Array
        (
            [category] => Expenses
            [sub_category] => Transportation
            [total] => 46350.00
        )

    [6] => Array
        (
            [category] => Expenses
            [sub_category] => Transportation Expenses
            [total] => 24226.22
        )

)

Expense Breakdown for company 15 (2025-01-01 to 2025-12-31):
Array
(
    [0] => Array
        (
            [category] => Equity
            [sub_category] => Owners Drawings
            [total] => 200935.69
        )

    [1] => Array
        (
            [category] => Expenses
            [sub_category] => Office Supplies
            [total] => 7050.00
        )

    [2] => Array
        (
            [category] => Expenses
            [sub_category] => Other Expenses
            [total] => 143103.75
        )

    [3] => Array
        (
            [category] => Expenses
            [sub_category] => Purchases
            [total] => 792692.55
        )

    [4] => Array
        (
            [category] => Expenses
            [sub_category] => Repairs and Maintenance
            [total] => 17442.00
        )

    [5] => Array
        (
            [category] => Expenses
            [sub_category] => Transportation
            [total] => 46350.00
        )

    [6] => Array
        (
            [category] => Expenses
            [sub_category] => Transportation Expenses
            [total] => 24226.22
        )

)

Expense Breakdown for company 15 (2025-01-01 to 2025-12-31):
Array
(
    [0] => Array
        (
            [category] => Equity
            [sub_category] => Owners Drawings
            [total] => 200935.69
        )

    [1] => Array
        (
            [category] => Expenses
            [sub_category] => Office Supplies
            [total] => 7050.00
        )

    [2] => Array
        (
            [category] => Expenses
            [sub_category] => Other Expenses
            [total] => 143103.75
        )

    [3] => Array
        (
            [category] => Expenses
            [sub_category] => Purchases
            [total] => 792692.55
        )

    [4] => Array
        (
            [category] => Expenses
            [sub_category] => Repairs and Maintenance
            [total] => 17442.00
        )

    [5] => Array
        (
            [category] => Expenses
            [sub_category] => Transportation
            [total] => 46350.00
        )

    [6] => Array
        (
            [category] => Expenses
            [sub_category] => Transportation Expenses
            [total] => 24226.22
        )

)

Expense Breakdown for company 15 (2025-01-01 to 2025-12-31):
Array
(
    [0] => Array
        (
            [category] => Equity
            [sub_category] => Owners Drawings
            [total] => 200935.69
        )

    [1] => Array
        (
            [category] => Expenses
            [sub_category] => Office Supplies
            [total] => 7050.00
        )

    [2] => Array
        (
            [category] => Expenses
            [sub_category] => Other Expenses
            [total] => 143103.75
        )

    [3] => Array
        (
            [category] => Expenses
            [sub_category] => Purchases
            [total] => 792692.55
        )

    [4] => Array
        (
            [category] => Expenses
            [sub_category] => Repairs and Maintenance
            [total] => 17442.00
        )

    [5] => Array
        (
            [category] => Expenses
            [sub_category] => Transportation
            [total] => 46350.00
        )

    [6] => Array
        (
            [category] => Expenses
            [sub_category] => Transportation Expenses
            [total] => 24226.22
        )

)

Expense Breakdown for company 15 (2025-01-01 to 2025-12-31):
Array
(
    [0] => Array
        (
            [category] => Equity
            [sub_category] => Owners Drawings
            [total] => 200935.69
        )

    [1] => Array
        (
            [category] => Expenses
            [sub_category] => Office Supplies
            [total] => 7050.00
        )

    [2] => Array
        (
            [category] => Expenses
            [sub_category] => Other Expenses
            [total] => 143103.75
        )

    [3] => Array
        (
            [category] => Expenses
            [sub_category] => Purchases
            [total] => 792692.55
        )

    [4] => Array
        (
            [category] => Expenses
            [sub_category] => Repairs and Maintenance
            [total] => 17442.00
        )

    [5] => Array
        (
            [category] => Expenses
            [sub_category] => Transportation
            [total] => 46350.00
        )

    [6] => Array
        (
            [category] => Expenses
            [sub_category] => Transportation Expenses
            [total] => 24226.22
        )

)

Expense Breakdown for company 15 (2025-01-01 to 2025-12-31):
Array
(
    [0] => Array
        (
            [category] => Equity
            [sub_category] => Owners Drawings
            [total] => 200935.69
        )

    [1] => Array
        (
            [category] => Expenses
            [sub_category] => Office Supplies
            [total] => 7050.00
        )

    [2] => Array
        (
            [category] => Expenses
            [sub_category] => Other Expenses
            [total] => 143103.75
        )

    [3] => Array
        (
            [category] => Expenses
            [sub_category] => Purchases
            [total] => 792692.55
        )

    [4] => Array
        (
            [category] => Expenses
            [sub_category] => Repairs and Maintenance
            [total] => 17442.00
        )

    [5] => Array
        (
            [category] => Expenses
            [sub_category] => Transportation
            [total] => 46350.00
        )

    [6] => Array
        (
            [category] => Expenses
            [sub_category] => Transportation Expenses
            [total] => 24226.22
        )

)

Expense Breakdown for company 15 (2025-01-01 to 2025-12-31):
Array
(
    [0] => Array
        (
            [category] => Equity
            [sub_category] => Owners Drawings
            [total] => 200935.69
        )

    [1] => Array
        (
            [category] => Expenses
            [sub_category] => Office Supplies
            [total] => 7050.00
        )

    [2] => Array
        (
            [category] => Expenses
            [sub_category] => Other Expenses
            [total] => 143103.75
        )

    [3] => Array
        (
            [category] => Expenses
            [sub_category] => Purchases
            [total] => 792692.55
        )

    [4] => Array
        (
            [category] => Expenses
            [sub_category] => Repairs and Maintenance
            [total] => 17442.00
        )

    [5] => Array
        (
            [category] => Expenses
            [sub_category] => Transportation
            [total] => 46350.00
        )

    [6] => Array
        (
            [category] => Expenses
            [sub_category] => Transportation Expenses
            [total] => 24226.22
        )

)

Expense Breakdown for company 15 (2025-01-01 to 2025-12-31):
Array
(
    [0] => Array
        (
            [category] => Equity
            [sub_category] => Owners Drawings
            [total] => 200935.69
        )

    [1] => Array
        (
            [category] => Expenses
            [sub_category] => Office Supplies
            [total] => 7050.00
        )

    [2] => Array
        (
            [category] => Expenses
            [sub_category] => Other Expenses
            [total] => 143103.75
        )

    [3] => Array
        (
            [category] => Expenses
            [sub_category] => Purchases
            [total] => 792692.55
        )

    [4] => Array
        (
            [category] => Expenses
            [sub_category] => Repairs and Maintenance
            [total] => 17442.00
        )

    [5] => Array
        (
            [category] => Expenses
            [sub_category] => Transportation
            [total] => 46350.00
        )

    [6] => Array
        (
            [category] => Expenses
            [sub_category] => Transportation Expenses
            [total] => 24226.22
        )

)

Expense Breakdown for company 15 (2025-01-01 to 2025-12-31):
Array
(
    [0] => Array
        (
            [category] => Equity
            [sub_category] => Owners Drawings
            [total] => 200935.69
        )

    [1] => Array
        (
            [category] => Expenses
            [sub_category] => Office Supplies
            [total] => 7050.00
        )

    [2] => Array
        (
            [category] => Expenses
            [sub_category] => Other Expenses
            [total] => 143103.75
        )

    [3] => Array
        (
            [category] => Expenses
            [sub_category] => Purchases
            [total] => 792692.55
        )

    [4] => Array
        (
            [category] => Expenses
            [sub_category] => Repairs and Maintenance
            [total] => 17442.00
        )

    [5] => Array
        (
            [category] => Expenses
            [sub_category] => Transportation
            [total] => 46350.00
        )

    [6] => Array
        (
            [category] => Expenses
            [sub_category] => Transportation Expenses
            [total] => 24226.22
        )

)

Expense Breakdown for company 15 (2025-01-01 to 2025-12-31):
Array
(
    [0] => Array
        (
            [category] => Equity
            [sub_category] => Owners Drawings
            [total] => 200935.69
        )

    [1] => Array
        (
            [category] => Expenses
            [sub_category] => Office Supplies
            [total] => 7050.00
        )

    [2] => Array
        (
            [category] => Expenses
            [sub_category] => Other Expenses
            [total] => 143103.75
        )

    [3] => Array
        (
            [category] => Expenses
            [sub_category] => Purchases
            [total] => 792692.55
        )

    [4] => Array
        (
            [category] => Expenses
            [sub_category] => Repairs and Maintenance
            [total] => 17442.00
        )

    [5] => Array
        (
            [category] => Expenses
            [sub_category] => Transportation
            [total] => 46350.00
        )

    [6] => Array
        (
            [category] => Expenses
            [sub_category] => Transportation Expenses
            [total] => 24226.22
        )

)

Expense Breakdown for company 15 (2025-01-01 to 2025-12-31):
Array
(
    [0] => Array
        (
            [category] => Equity
            [sub_category] => Owners Drawings
            [total] => 200935.69
        )

    [1] => Array
        (
            [category] => Expenses
            [sub_category] => Office Supplies
            [total] => 7050.00
        )

    [2] => Array
        (
            [category] => Expenses
            [sub_category] => Other Expenses
            [total] => 143103.75
        )

    [3] => Array
        (
            [category] => Expenses
            [sub_category] => Purchases
            [total] => 792692.55
        )

    [4] => Array
        (
            [category] => Expenses
            [sub_category] => Repairs and Maintenance
            [total] => 17442.00
        )

    [5] => Array
        (
            [category] => Expenses
            [sub_category] => Transportation
            [total] => 46350.00
        )

    [6] => Array
        (
            [category] => Expenses
            [sub_category] => Transportation Expenses
            [total] => 24226.22
        )

)

Expense Breakdown for company 15 (2025-01-01 to 2025-12-31):
Array
(
    [0] => Array
        (
            [category] => Equity
            [sub_category] => Owners Drawings
            [total] => 200935.69
        )

    [1] => Array
        (
            [category] => Expenses
            [sub_category] => Office Supplies
            [total] => 7050.00
        )

    [2] => Array
        (
            [category] => Expenses
            [sub_category] => Other Expenses
            [total] => 143103.75
        )

    [3] => Array
        (
            [category] => Expenses
            [sub_category] => Purchases
            [total] => 792692.55
        )

    [4] => Array
        (
            [category] => Expenses
            [sub_category] => Repairs and Maintenance
            [total] => 17442.00
        )

    [5] => Array
        (
            [category] => Expenses
            [sub_category] => Transportation
            [total] => 46350.00
        )

    [6] => Array
        (
            [category] => Expenses
            [sub_category] => Transportation Expenses
            [total] => 24226.22
        )

)

Expense Breakdown for company 15 (2025-01-01 to 2025-12-31):
Array
(
    [0] => Array
        (
            [category] => Equity
            [sub_category] => Owners Drawings
            [total] => 200935.69
        )

    [1] => Array
        (
            [category] => Expenses
            [sub_category] => Office Supplies
            [total] => 7050.00
        )

    [2] => Array
        (
            [category] => Expenses
            [sub_category] => Other Expenses
            [total] => 143103.75
        )

    [3] => Array
        (
            [category] => Expenses
            [sub_category] => Purchases
            [total] => 792692.55
        )

    [4] => Array
        (
            [category] => Expenses
            [sub_category] => Repairs and Maintenance
            [total] => 17442.00
        )

    [5] => Array
        (
            [category] => Expenses
            [sub_category] => Transportation
            [total] => 46350.00
        )

    [6] => Array
        (
            [category] => Expenses
            [sub_category] => Transportation Expenses
            [total] => 24226.22
        )

)

Expense Breakdown for company 15 (2025-01-01 to 2025-12-31):
Array
(
    [0] => Array
        (
            [category] => Equity
            [sub_category] => Owners Drawings
            [total] => 200935.69
        )

    [1] => Array
        (
            [category] => Expenses
            [sub_category] => Office Supplies
            [total] => 7050.00
        )

    [2] => Array
        (
            [category] => Expenses
            [sub_category] => Other Expenses
            [total] => 143103.75
        )

    [3] => Array
        (
            [category] => Expenses
            [sub_category] => Purchases
            [total] => 792692.55
        )

    [4] => Array
        (
            [category] => Expenses
            [sub_category] => Repairs and Maintenance
            [total] => 17442.00
        )

    [5] => Array
        (
            [category] => Expenses
            [sub_category] => Transportation
            [total] => 46350.00
        )

    [6] => Array
        (
            [category] => Expenses
            [sub_category] => Transportation Expenses
            [total] => 24226.22
        )

)

Expense Breakdown for company 15 (2025-01-01 to 2025-12-31):
Array
(
    [0] => Array
        (
            [category] => Equity
            [sub_category] => Owners Drawings
            [total] => 200935.69
        )

    [1] => Array
        (
            [category] => Expenses
            [sub_category] => Office Supplies
            [total] => 7050.00
        )

    [2] => Array
        (
            [category] => Expenses
            [sub_category] => Other Expenses
            [total] => 143103.75
        )

    [3] => Array
        (
            [category] => Expenses
            [sub_category] => Purchases
            [total] => 792692.55
        )

    [4] => Array
        (
            [category] => Expenses
            [sub_category] => Repairs and Maintenance
            [total] => 17442.00
        )

    [5] => Array
        (
            [category] => Expenses
            [sub_category] => Transportation
            [total] => 46350.00
        )

    [6] => Array
        (
            [category] => Expenses
            [sub_category] => Transportation Expenses
            [total] => 24226.22
        )

)

Expense Breakdown for company 15 (2025-01-01 to 2025-12-31):
Array
(
    [0] => Array
        (
            [category] => Equity
            [sub_category] => Owners Drawings
            [total] => 200935.69
        )

    [1] => Array
        (
            [category] => Expenses
            [sub_category] => Office Supplies
            [total] => 7050.00
        )

    [2] => Array
        (
            [category] => Expenses
            [sub_category] => Other Expenses
            [total] => 143103.75
        )

    [3] => Array
        (
            [category] => Expenses
            [sub_category] => Purchases
            [total] => 792692.55
        )

    [4] => Array
        (
            [category] => Expenses
            [sub_category] => Repairs and Maintenance
            [total] => 17442.00
        )

    [5] => Array
        (
            [category] => Expenses
            [sub_category] => Transportation
            [total] => 46350.00
        )

    [6] => Array
        (
            [category] => Expenses
            [sub_category] => Transportation Expenses
            [total] => 24226.22
        )

)

Expense Breakdown for company 15 (2025-01-01 to 2025-12-31):
Array
(
    [0] => Array
        (
            [category] => Equity
            [sub_category] => Owners Drawings
            [total] => 200935.69
        )

    [1] => Array
        (
            [category] => Expenses
            [sub_category] => Office Supplies
            [total] => 7050.00
        )

    [2] => Array
        (
            [category] => Expenses
            [sub_category] => Other Expenses
            [total] => 143103.75
        )

    [3] => Array
        (
            [category] => Expenses
            [sub_category] => Purchases
            [total] => 792692.55
        )

    [4] => Array
        (
            [category] => Expenses
            [sub_category] => Repairs and Maintenance
            [total] => 17442.00
        )

    [5] => Array
        (
            [category] => Expenses
            [sub_category] => Transportation
            [total] => 46350.00
        )

    [6] => Array
        (
            [category] => Expenses
            [sub_category] => Transportation Expenses
            [total] => 24226.22
        )

)

Expense Breakdown for company 15 (2025-01-01 to 2025-12-31):
Array
(
    [0] => Array
        (
            [category] => Equity
            [sub_category] => Owners Drawings
            [total] => 200935.69
        )

    [1] => Array
        (
            [category] => Expenses
            [sub_category] => Office Supplies
            [total] => 7050.00
        )

    [2] => Array
        (
            [category] => Expenses
            [sub_category] => Other Expenses
            [total] => 143103.75
        )

    [3] => Array
        (
            [category] => Expenses
            [sub_category] => Purchases
            [total] => 792692.55
        )

    [4] => Array
        (
            [category] => Expenses
            [sub_category] => Repairs and Maintenance
            [total] => 17442.00
        )

    [5] => Array
        (
            [category] => Expenses
            [sub_category] => Transportation
            [total] => 46350.00
        )

    [6] => Array
        (
            [category] => Expenses
            [sub_category] => Transportation Expenses
            [total] => 24226.22
        )

)

Expense Breakdown for company 15 (2025-01-01 to 2025-12-31):
Array
(
    [0] => Array
        (
            [category] => Equity
            [sub_category] => Owners Drawings
            [total] => 200935.69
        )

    [1] => Array
        (
            [category] => Expenses
            [sub_category] => Office Supplies
            [total] => 7050.00
        )

    [2] => Array
        (
            [category] => Expenses
            [sub_category] => Other Expenses
            [total] => 143103.75
        )

    [3] => Array
        (
            [category] => Expenses
            [sub_category] => Purchases
            [total] => 792692.55
        )

    [4] => Array
        (
            [category] => Expenses
            [sub_category] => Repairs and Maintenance
            [total] => 17442.00
        )

    [5] => Array
        (
            [category] => Expenses
            [sub_category] => Transportation
            [total] => 46350.00
        )

    [6] => Array
        (
            [category] => Expenses
            [sub_category] => Transportation Expenses
            [total] => 24226.22
        )

)

